<?xml version="1.0" encoding="UTF-8"?>
<testsuite name="registerImplTest" tests="1" skipped="0" failures="0" errors="0" timestamp="2019-09-06T18:16:38" hostname="LAPTOP-5BTU082M" time="0.017">
  <properties/>
  <testcase name="test giveChange gives $8 of change from $13 in register()" classname="registerImplTest" time="0.017"/>
  <system-out><![CDATA[]]></system-out>
  <system-err><![CDATA[]]></system-err>
</testsuite>
